c:\users\ynoe3\source\repos\winproj\winapilecture\client\x64\debug\client.pch
c:\users\ynoe3\source\repos\winproj\winapilecture\client\x64\debug\vc143.pdb
c:\users\ynoe3\source\repos\winproj\winapilecture\client\x64\debug\vc143.idb
c:\users\ynoe3\source\repos\winproj\winapilecture\client\x64\debug\ccore.obj
c:\users\ynoe3\source\repos\winproj\winapilecture\client\x64\debug\ckeymgr.obj
c:\users\ynoe3\source\repos\winproj\winapilecture\client\x64\debug\main.obj
c:\users\ynoe3\source\repos\winproj\winapilecture\client\x64\debug\cobject.obj
c:\users\ynoe3\source\repos\winproj\winapilecture\client\x64\debug\ctimemgr.obj
c:\users\ynoe3\source\repos\winproj\winapilecture\x64\debug\client.exe
c:\users\ynoe3\source\repos\winproj\winapilecture\client\x64\debug\client.ilk
c:\users\ynoe3\source\repos\winproj\winapilecture\x64\debug\client.pdb
c:\users\ynoe3\source\repos\winproj\winapilecture\client\x64\debug\client.res
c:\users\ynoe3\source\repos\winproj\winapilecture\client\x64\debug\client.tlog\cl.command.1.tlog
c:\users\ynoe3\source\repos\winproj\winapilecture\client\x64\debug\client.tlog\cl.read.1.tlog
c:\users\ynoe3\source\repos\winproj\winapilecture\client\x64\debug\client.tlog\cl.write.1.tlog
c:\users\ynoe3\source\repos\winproj\winapilecture\client\x64\debug\client.tlog\link.command.1.tlog
c:\users\ynoe3\source\repos\winproj\winapilecture\client\x64\debug\client.tlog\link.read.1.tlog
c:\users\ynoe3\source\repos\winproj\winapilecture\client\x64\debug\client.tlog\link.write.1.tlog
c:\users\ynoe3\source\repos\winproj\winapilecture\client\x64\debug\client.tlog\rc.command.1.tlog
c:\users\ynoe3\source\repos\winproj\winapilecture\client\x64\debug\client.tlog\rc.read.1.tlog
c:\users\ynoe3\source\repos\winproj\winapilecture\client\x64\debug\client.tlog\rc.write.1.tlog
